Using pre-set license
Built from '2020.3/release' branch; Version is '2020.3.1f1 (77a89f25062f) revision 7841951'; Using compiler version '192528614'; Build Type 'Release'
OS: 'Windows 10 Pro; OS build 19043.1526; Version 2009; 64bit' Language: 'es' Physical Memory: 16235 MB
BatchMode: 1, IsHumanControllingUs: 0, StartBugReporterOnCrash: 0, Is64bit: 1, IsPro: 0

 COMMAND LINE ARGUMENTS:
C:\Program Files\Unity\Hub\Editor\2020.3.1f1\Editor\Unity.exe
-adb2
-batchMode
-noUpm
-name
AssetImportWorker1
-projectPath
C:/Users/impac/OneDrive/Escritorio/mis pu/clase/repositorios/rpmi/github/PR_ZAXXON/PR_ZAXXON_delaPenaElisa
-logFile
Logs/AssetImportWorker1.log
-srvPort
63956
Successfully changed project path to: C:/Users/impac/OneDrive/Escritorio/mis pu/clase/repositorios/rpmi/github/PR_ZAXXON/PR_ZAXXON_delaPenaElisa
C:/Users/impac/OneDrive/Escritorio/mis pu/clase/repositorios/rpmi/github/PR_ZAXXON/PR_ZAXXON_delaPenaElisa
Using Asset Import Pipeline V2.
Refreshing native plugins compatible for Editor in 41.24 ms, found 0 plugins.
Preloading 0 native plugins for Editor in 0.00 ms.
Initialize engine version: 2020.3.1f1 (77a89f25062f)
[Subsystems] Discovering subsystems at path C:/Program Files/Unity/Hub/Editor/2020.3.1f1/Editor/Data/Resources/UnitySubsystems
[Subsystems] Discovering subsystems at path C:/Users/impac/OneDrive/Escritorio/mis pu/clase/repositorios/rpmi/github/PR_ZAXXON/PR_ZAXXON_delaPenaElisa/Assets
GfxDevice: creating device client; threaded=0
Direct3D:
    Version:  Direct3D 11.0 [level 11.1]
    Renderer: NVIDIA GeForce GTX 1650 (ID=0x1f91)
    Vendor:   
    VRAM:     3962 MB
    Driver:   27.21.14.6259
Initialize mono
Mono path[0] = 'C:/Program Files/Unity/Hub/Editor/2020.3.1f1/Editor/Data/Managed'
Mono path[1] = 'C:/Program Files/Unity/Hub/Editor/2020.3.1f1/Editor/Data/MonoBleedingEdge/lib/mono/unityjit'
Mono config path = 'C:/Program Files/Unity/Hub/Editor/2020.3.1f1/Editor/Data/MonoBleedingEdge/etc'
Using monoOptions --debugger-agent=transport=dt_socket,embedding=1,server=y,suspend=n,address=127.0.0.1:56524
Begin MonoManager ReloadAssembly
Registering precompiled unity dll's ...
Register platform support module: C:/Program Files/Unity/Hub/Editor/2020.3.1f1/Editor/Data/PlaybackEngines/WindowsStandaloneSupport/UnityEditor.WindowsStandalone.Extensions.dll
Registered in 0.003415 seconds.
Native extension for WindowsStandalone target not found
Refreshing native plugins compatible for Editor in 45.95 ms, found 0 plugins.
Preloading 0 native plugins for Editor in 0.00 ms.
Invoked RoslynAnalysisRunner static constructor.
RoslynAnalysisRunner will not be running.
RoslynAnalysisRunner has terminated.
Mono: successfully reloaded assembly
- Completed reload, in  1.833 seconds
Platform modules already initialized, skipping
Registering precompiled user dll's ...
Registered in 0.000684 seconds.
Begin MonoManager ReloadAssembly
Native extension for WindowsStandalone target not found
Refreshing native plugins compatible for Editor in 0.24 ms, found 0 plugins.
Preloading 0 native plugins for Editor in 0.00 ms.
Invoked RoslynAnalysisRunner static constructor.
RoslynAnalysisRunner will not be running.
RoslynAnalysisRunner has terminated.
Mono: successfully reloaded assembly
- Completed reload, in  0.915 seconds
Platform modules already initialized, skipping
========================================================================
Worker process is ready to serve import requests
Launched and connected shader compiler UnityShaderCompiler.exe after 0.06 seconds
Refreshing native plugins compatible for Editor in 0.84 ms, found 0 plugins.
Preloading 0 native plugins for Editor in 0.00 ms.
Unloading 1152 Unused Serialized files (Serialized files now loaded: 0)
System memory in use before: 123.1 MB.
System memory in use after: 123.2 MB.

Unloading 9 unused Assets to reduce memory usage. Loaded Objects now: 1604.
Total: 2.130000 ms (FindLiveObjects: 0.171700 ms CreateObjectMapping: 0.044000 ms MarkObjects: 1.836900 ms  DeleteObjects: 0.076400 ms)

========================================================================
Received Import Request.
  path: Assets/paquetes/Old Column/Textures/column_a.png
  artifactKey: Guid(98c7c06eb6541ef478021d1fbb8e0331) Importer(815301076,1909f56bfc062723c751e8b465ee728b)
Start importing Assets/paquetes/Old Column/Textures/column_a.png using Guid(98c7c06eb6541ef478021d1fbb8e0331) Importer(815301076,1909f56bfc062723c751e8b465ee728b)  -> (artifact id: 'c8637dc03fd655b5bc881f77254f2d1c') in 0.179571 seconds
  Import took 0.183711 seconds .

========================================================================
Received Import Request.
  Time since last request: 0.000277 seconds.
  path: Assets/paquetes/Old Column/ParticleShadersVol1/SampleSceneAssets/Textures/cigarette.tga
  artifactKey: Guid(d60b02ebcd90f7e43937c35e31a4e9eb) Importer(815301076,1909f56bfc062723c751e8b465ee728b)
Start importing Assets/paquetes/Old Column/ParticleShadersVol1/SampleSceneAssets/Textures/cigarette.tga using Guid(d60b02ebcd90f7e43937c35e31a4e9eb) Importer(815301076,1909f56bfc062723c751e8b465ee728b)  -> (artifact id: '2ffe7e34934aa684ba17ea1ae1d58544') in 0.032173 seconds
  Import took 0.035584 seconds .

========================================================================
Received Import Request.
  Time since last request: 0.000508 seconds.
  path: Assets/paquetes/Old Column/Textures/column_m.png
  artifactKey: Guid(cc76db67403d00343b0c1249e6f71fb9) Importer(815301076,1909f56bfc062723c751e8b465ee728b)
Start importing Assets/paquetes/Old Column/Textures/column_m.png using Guid(cc76db67403d00343b0c1249e6f71fb9) Importer(815301076,1909f56bfc062723c751e8b465ee728b)  -> (artifact id: '8aa2d9e72971d0ab3c3fb2d419e90ab1') in 0.081882 seconds
  Import took 0.088095 seconds .

========================================================================
Received Import Request.
  Time since last request: 0.000374 seconds.
  path: Assets/paquetes/Old Column/ParticleShadersVol1/SampleSceneAssets/Textures/cloud_atlas_01.tga
  artifactKey: Guid(0c8a807e7ef999743b0311136d3e0884) Importer(815301076,1909f56bfc062723c751e8b465ee728b)
Start importing Assets/paquetes/Old Column/ParticleShadersVol1/SampleSceneAssets/Textures/cloud_atlas_01.tga using Guid(0c8a807e7ef999743b0311136d3e0884) Importer(815301076,1909f56bfc062723c751e8b465ee728b)  -> (artifact id: '52a011f0d1176b188c11b267980d1449') in 0.018713 seconds
  Import took 0.021295 seconds .

========================================================================
Received Import Request.
  Time since last request: 0.000274 seconds.
  path: Assets/paquetes/Old Column/ParticleShadersVol1/SampleSceneAssets/Textures/cigarette_e.png
  artifactKey: Guid(15652d053dbd088438631cf576ba90dc) Importer(815301076,1909f56bfc062723c751e8b465ee728b)
Start importing Assets/paquetes/Old Column/ParticleShadersVol1/SampleSceneAssets/Textures/cigarette_e.png using Guid(15652d053dbd088438631cf576ba90dc) Importer(815301076,1909f56bfc062723c751e8b465ee728b)  -> (artifact id: '3fffce622c633fc3a6830bf03bbf6240') in 0.013446 seconds
  Import took 0.016710 seconds .

========================================================================
Received Import Request.
  Time since last request: 0.197064 seconds.
  path: Assets/paquetes/Old Column/Textures/column_n.png
  artifactKey: Guid(7b1c0db26f02c28499a0af3a61489e44) Importer(815301076,1909f56bfc062723c751e8b465ee728b)
Start importing Assets/paquetes/Old Column/Textures/column_n.png using Guid(7b1c0db26f02c28499a0af3a61489e44) Importer(815301076,1909f56bfc062723c751e8b465ee728b)  -> (artifact id: 'bb612e6b6675d2a77a23c068fb4fd8c0') in 0.105512 seconds
  Import took 0.114058 seconds .

========================================================================
Received Import Request.
  Time since last request: 0.000387 seconds.
  path: Assets/paquetes/Stylized Lava PBR Texture/Textures/Lava_Emissive.png
  artifactKey: Guid(5e835ee224164df418346548be68d294) Importer(815301076,1909f56bfc062723c751e8b465ee728b)
Start importing Assets/paquetes/Stylized Lava PBR Texture/Textures/Lava_Emissive.png using Guid(5e835ee224164df418346548be68d294) Importer(815301076,1909f56bfc062723c751e8b465ee728b)  -> (artifact id: '960eaed6239a5db5963ccbc501e45d5c') in 0.020084 seconds
  Import took 0.023711 seconds .

========================================================================
Received Import Request.
  Time since last request: 0.000783 seconds.
  path: Assets/paquetes/Standard Assets/Effects/ImageEffects/Textures/HexShape.psd
  artifactKey: Guid(a4cdca73d61814d33ac1587f6c163bca) Importer(815301076,1909f56bfc062723c751e8b465ee728b)
Start importing Assets/paquetes/Standard Assets/Effects/ImageEffects/Textures/HexShape.psd using Guid(a4cdca73d61814d33ac1587f6c163bca) Importer(815301076,1909f56bfc062723c751e8b465ee728b)  -> (artifact id: '360bdc491d74f6a3c3c3768a597cfdbe') in 0.034994 seconds
  Import took 0.038099 seconds .

========================================================================
Received Import Request.
  Time since last request: 0.000260 seconds.
  path: Assets/paquetes/ADG_Textures/ground_vol1/ground2/ground2_Height.tga
  artifactKey: Guid(cb74fa1f447a9ed4baf1d1bce2326844) Importer(815301076,1909f56bfc062723c751e8b465ee728b)
Start importing Assets/paquetes/ADG_Textures/ground_vol1/ground2/ground2_Height.tga using Guid(cb74fa1f447a9ed4baf1d1bce2326844) Importer(815301076,1909f56bfc062723c751e8b465ee728b)  -> (artifact id: '10c0700ec5d3fa05e6d92c83848ad110') in 0.039177 seconds
  Import took 0.043611 seconds .

========================================================================
Received Import Request.
  Time since last request: 0.000380 seconds.
  path: Assets/paquetes/ADG_Textures/ground_vol1/ground2/ground2_Metallic.tga
  artifactKey: Guid(05ec23c4c1d2ad54eaebfd0bf25af051) Importer(815301076,1909f56bfc062723c751e8b465ee728b)
Start importing Assets/paquetes/ADG_Textures/ground_vol1/ground2/ground2_Metallic.tga using Guid(05ec23c4c1d2ad54eaebfd0bf25af051) Importer(815301076,1909f56bfc062723c751e8b465ee728b)  -> (artifact id: 'd51525831a928ea0ea7702a190ecbee1') in 0.056808 seconds
  Import took 0.061337 seconds .

========================================================================
Received Import Request.
  Time since last request: 0.000347 seconds.
  path: Assets/paquetes/Stylized Lava PBR Texture/Textures/Lava_height.png
  artifactKey: Guid(c7f4bbf3f857f09449848e3449722f16) Importer(815301076,1909f56bfc062723c751e8b465ee728b)
Start importing Assets/paquetes/Stylized Lava PBR Texture/Textures/Lava_height.png using Guid(c7f4bbf3f857f09449848e3449722f16) Importer(815301076,1909f56bfc062723c751e8b465ee728b)  -> (artifact id: 'cbc2a67adb209eb161f22a2fe4f66603') in 0.044152 seconds
  Import took 0.049074 seconds .

========================================================================
Received Import Request.
  Time since last request: 0.000270 seconds.
  path: Assets/paquetes/ADG_Textures/ground_vol1/ground2/ground2_Ambient_Occlusion.tga
  artifactKey: Guid(cbfdc0c455424e84c94f238e9b9382ec) Importer(815301076,1909f56bfc062723c751e8b465ee728b)
Start importing Assets/paquetes/ADG_Textures/ground_vol1/ground2/ground2_Ambient_Occlusion.tga using Guid(cbfdc0c455424e84c94f238e9b9382ec) Importer(815301076,1909f56bfc062723c751e8b465ee728b)  -> (artifact id: '25abe2fa0e70e981ca8ced289027e483') in 0.045557 seconds
  Import took 0.050656 seconds .

========================================================================
Received Import Request.
  Time since last request: 0.000284 seconds.
  path: Assets/paquetes/ADG_Textures/ground_vol1/ground2/ground2_Normal.tga
  artifactKey: Guid(f3b2a952874cda74583658ed78a08ef2) Importer(815301076,1909f56bfc062723c751e8b465ee728b)
Start importing Assets/paquetes/ADG_Textures/ground_vol1/ground2/ground2_Normal.tga using Guid(f3b2a952874cda74583658ed78a08ef2) Importer(815301076,1909f56bfc062723c751e8b465ee728b)  -> (artifact id: 'f8042084ad47c1b7ebdf1491e12815a9') in 0.045169 seconds
  Import took 0.049690 seconds .

========================================================================
Received Import Request.
  Time since last request: 0.000291 seconds.
  path: Assets/paquetes/Stylized Lava PBR Texture/Textures/Lava_normal.png
  artifactKey: Guid(e0144d5089507fd4797d4e410603e721) Importer(815301076,1909f56bfc062723c751e8b465ee728b)
Start importing Assets/paquetes/Stylized Lava PBR Texture/Textures/Lava_normal.png using Guid(e0144d5089507fd4797d4e410603e721) Importer(815301076,1909f56bfc062723c751e8b465ee728b)  -> (artifact id: '798aae669e90fc53aa4ac5966dd4d4e8') in 0.046485 seconds
  Import took 0.049738 seconds .

========================================================================
Received Import Request.
  Time since last request: 0.000278 seconds.
  path: Assets/paquetes/Stylized Lava PBR Texture/Textures/Lava_basecolor.png
  artifactKey: Guid(a4b7501a6b8e7724d80c7b2b81553271) Importer(815301076,1909f56bfc062723c751e8b465ee728b)
Start importing Assets/paquetes/Stylized Lava PBR Texture/Textures/Lava_basecolor.png using Guid(a4b7501a6b8e7724d80c7b2b81553271) Importer(815301076,1909f56bfc062723c751e8b465ee728b)  -> (artifact id: '6ce12e316000757862db913e9fa770f0') in 0.044485 seconds
  Import took 0.051831 seconds .

========================================================================
Received Import Request.
  Time since last request: 0.000225 seconds.
  path: Assets/paquetes/ADG_Textures/ground_vol1/ground2/ground2_Diffuse.tga
  artifactKey: Guid(ef1fbc9bae2718d4a8dbe2baaa01399c) Importer(815301076,1909f56bfc062723c751e8b465ee728b)
Start importing Assets/paquetes/ADG_Textures/ground_vol1/ground2/ground2_Diffuse.tga using Guid(ef1fbc9bae2718d4a8dbe2baaa01399c) Importer(815301076,1909f56bfc062723c751e8b465ee728b)  -> (artifact id: 'e26bafec8f0b6917a7e44dcc60e0dee5') in 0.035947 seconds
  Import took 0.039673 seconds .

========================================================================
Received Import Request.
  Time since last request: 0.000297 seconds.
  path: Assets/paquetes/Sets - Gems/Textures/_archive/GemRefractions.cubemap
  artifactKey: Guid(51e3f49dbd110a7011005aba44295342) Importer(815301076,1909f56bfc062723c751e8b465ee728b)
Start importing Assets/paquetes/Sets - Gems/Textures/_archive/GemRefractions.cubemap using Guid(51e3f49dbd110a7011005aba44295342) Importer(815301076,1909f56bfc062723c751e8b465ee728b)  -> (artifact id: '8cf5e66c10c0eb36aad5f568b461c372') in 0.343860 seconds
  Import took 0.346239 seconds .

========================================================================
Received Import Request.
  Time since last request: 0.000241 seconds.
  path: Assets/paquetes/FourEvilDragonsHP/Texture/DragonUsurper/GreenHP.png
  artifactKey: Guid(7a1f130c4e7de554bb8a7f12d6a06ff1) Importer(815301076,1909f56bfc062723c751e8b465ee728b)
Start importing Assets/paquetes/FourEvilDragonsHP/Texture/DragonUsurper/GreenHP.png using Guid(7a1f130c4e7de554bb8a7f12d6a06ff1) Importer(815301076,1909f56bfc062723c751e8b465ee728b)  -> (artifact id: '01cb47162eb2b98025aee7ef98ae60d7') in 0.062335 seconds
  Import took 0.065454 seconds .

========================================================================
Received Import Request.
  Time since last request: 0.000490 seconds.
  path: Assets/paquetes/Stylized Lava PBR Texture/Textures/Lava_ambientocclusion.png
  artifactKey: Guid(802ff8393714fb142acc1616721b4b40) Importer(815301076,1909f56bfc062723c751e8b465ee728b)
Start importing Assets/paquetes/Stylized Lava PBR Texture/Textures/Lava_ambientocclusion.png using Guid(802ff8393714fb142acc1616721b4b40) Importer(815301076,1909f56bfc062723c751e8b465ee728b)  -> (artifact id: '3d90c4015ad6ea7afa41af2c11f2443c') in 0.019116 seconds
  Import took 0.023401 seconds .

========================================================================
Received Import Request.
  Time since last request: 0.000365 seconds.
  path: Assets/paquetes/Stylized Lava PBR Texture/Textures/Lava_roughness.png
  artifactKey: Guid(7ecb64f57a00cb24194542cc232f19d0) Importer(815301076,1909f56bfc062723c751e8b465ee728b)
Start importing Assets/paquetes/Stylized Lava PBR Texture/Textures/Lava_roughness.png using Guid(7ecb64f57a00cb24194542cc232f19d0) Importer(815301076,1909f56bfc062723c751e8b465ee728b)  -> (artifact id: 'f823afad25beda4427b15b66adf1ebba') in 0.016321 seconds
  Import took 0.018618 seconds .

========================================================================
Received Import Request.
  Time since last request: 0.609983 seconds.
  path: Assets/paquetes/SinuousShrooms/Models/Materials/Textures/Noise_Clouds1.jpg
  artifactKey: Guid(4ecd75c0d3585f34984c98cf76fa5458) Importer(815301076,1909f56bfc062723c751e8b465ee728b)
Start importing Assets/paquetes/SinuousShrooms/Models/Materials/Textures/Noise_Clouds1.jpg using Guid(4ecd75c0d3585f34984c98cf76fa5458) Importer(815301076,1909f56bfc062723c751e8b465ee728b)  -> (artifact id: 'a318c67c9075e2ed28b0c2a7da6865ec') in 0.013404 seconds
  Import took 0.015561 seconds .

========================================================================
Received Import Request.
  Time since last request: 0.000324 seconds.
  path: Assets/paquetes/RPG Monster Duo PBR Polyart/Textures/PBRSlimeAO.png
  artifactKey: Guid(ea614ba314598d14ebe9e9cdff6a47cd) Importer(815301076,1909f56bfc062723c751e8b465ee728b)
Start importing Assets/paquetes/RPG Monster Duo PBR Polyart/Textures/PBRSlimeAO.png using Guid(ea614ba314598d14ebe9e9cdff6a47cd) Importer(815301076,1909f56bfc062723c751e8b465ee728b)  -> (artifact id: 'ff7a794a368df6d5b76ea4e6a39a11d3') in 0.023120 seconds
  Import took 0.026372 seconds .

========================================================================
Received Import Request.
  Time since last request: 0.000272 seconds.
  path: Assets/paquetes/RPG Monster Duo PBR Polyart/Textures/PBRTurtleShellAO.png
  artifactKey: Guid(a469451b6efe62649a2ad1eaf645e7a3) Importer(815301076,1909f56bfc062723c751e8b465ee728b)
Start importing Assets/paquetes/RPG Monster Duo PBR Polyart/Textures/PBRTurtleShellAO.png using Guid(a469451b6efe62649a2ad1eaf645e7a3) Importer(815301076,1909f56bfc062723c751e8b465ee728b)  -> (artifact id: '0cf163c3a624cc858013309644f240bb') in 0.044235 seconds
  Import took 0.048028 seconds .

========================================================================
Received Import Request.
  Time since last request: 0.000300 seconds.
  path: Assets/paquetes/RPG Monster Duo PBR Polyart/Textures/PolyartDefaultTex.png
  artifactKey: Guid(19bb4fe4d3f7dc640907e64ce8d1865c) Importer(815301076,1909f56bfc062723c751e8b465ee728b)
Start importing Assets/paquetes/RPG Monster Duo PBR Polyart/Textures/PolyartDefaultTex.png using Guid(19bb4fe4d3f7dc640907e64ce8d1865c) Importer(815301076,1909f56bfc062723c751e8b465ee728b)  -> (artifact id: 'c146725ce5e51c1ea2b390638b2649ce') in 0.032670 seconds
  Import took 0.035727 seconds .

========================================================================
Received Import Request.
  Time since last request: 0.000357 seconds.
  path: Assets/paquetes/RPG Monster Duo PBR Polyart/Textures/PBRTurtleShellNormal.png
  artifactKey: Guid(86f7e285a9594474785378ee66ed8b93) Importer(815301076,1909f56bfc062723c751e8b465ee728b)
Start importing Assets/paquetes/RPG Monster Duo PBR Polyart/Textures/PBRTurtleShellNormal.png using Guid(86f7e285a9594474785378ee66ed8b93) Importer(815301076,1909f56bfc062723c751e8b465ee728b)  -> (artifact id: 'f0379c93c31ce616bd65cd99e05c568f') in 0.017198 seconds
  Import took 0.019260 seconds .

========================================================================
Received Import Request.
  Time since last request: 0.000323 seconds.
  path: Assets/paquetes/RPG Monster Duo PBR Polyart/Textures/PBRTurtleShellMetalicSmoothness.png
  artifactKey: Guid(7976e834fdd8a3a43843322f15ca5ffe) Importer(815301076,1909f56bfc062723c751e8b465ee728b)
Start importing Assets/paquetes/RPG Monster Duo PBR Polyart/Textures/PBRTurtleShellMetalicSmoothness.png using Guid(7976e834fdd8a3a43843322f15ca5ffe) Importer(815301076,1909f56bfc062723c751e8b465ee728b)  -> (artifact id: 'f99b042d4dae9b49fbaa42492d6d9ec8') in 0.029659 seconds
  Import took 0.031961 seconds .

========================================================================
Received Import Request.
  Time since last request: 0.000397 seconds.
  path: Assets/paquetes/RPG Monster Duo PBR Polyart/Textures/PBRSlimeNormal.png
  artifactKey: Guid(18abd5f4e9c11924a95611d5a0813704) Importer(815301076,1909f56bfc062723c751e8b465ee728b)
Start importing Assets/paquetes/RPG Monster Duo PBR Polyart/Textures/PBRSlimeNormal.png using Guid(18abd5f4e9c11924a95611d5a0813704) Importer(815301076,1909f56bfc062723c751e8b465ee728b)  -> (artifact id: '49669dba11d78364ba2e5ec790151f7b') in 0.019845 seconds
  Import took 0.024821 seconds .

========================================================================
Received Import Request.
  Time since last request: 0.000514 seconds.
  path: Assets/paquetes/RPG Monster Duo PBR Polyart/Textures/PBRTurtleShellAlbedo.png
  artifactKey: Guid(8d1af929e130869459814fc6a74e0a3b) Importer(815301076,1909f56bfc062723c751e8b465ee728b)
Start importing Assets/paquetes/RPG Monster Duo PBR Polyart/Textures/PBRTurtleShellAlbedo.png using Guid(8d1af929e130869459814fc6a74e0a3b) Importer(815301076,1909f56bfc062723c751e8b465ee728b)  -> (artifact id: 'e230011f261259a74f58c51b0c0d578f') in 0.023560 seconds
  Import took 0.026282 seconds .

========================================================================
Received Import Request.
  Time since last request: 0.000320 seconds.
  path: Assets/paquetes/SinuousShrooms/Models/Materials/Textures/Noise_Clouds1.jpg
  artifactKey: Guid(4ecd75c0d3585f34984c98cf76fa5458) Importer(815301076,1909f56bfc062723c751e8b465ee728b)
Start importing Assets/paquetes/SinuousShrooms/Models/Materials/Textures/Noise_Clouds1.jpg using Guid(4ecd75c0d3585f34984c98cf76fa5458) Importer(815301076,1909f56bfc062723c751e8b465ee728b)  -> (artifact id: 'a318c67c9075e2ed28b0c2a7da6865ec') in 0.016010 seconds
  Import took 0.017801 seconds .

========================================================================
Received Import Request.
  Time since last request: 0.000290 seconds.
  path: Assets/paquetes/RPG Monster Duo PBR Polyart/Textures/PBRSlimeMetallicSmoothness.png
  artifactKey: Guid(55ceae9efe5bd70448ee58c1d30bb773) Importer(815301076,1909f56bfc062723c751e8b465ee728b)
Start importing Assets/paquetes/RPG Monster Duo PBR Polyart/Textures/PBRSlimeMetallicSmoothness.png using Guid(55ceae9efe5bd70448ee58c1d30bb773) Importer(815301076,1909f56bfc062723c751e8b465ee728b)  -> (artifact id: '4c199f1b23b57999ff70b10d2bbd4190') in 0.010006 seconds
  Import took 0.011820 seconds .

========================================================================
Received Import Request.
  Time since last request: 0.000304 seconds.
  path: Assets/paquetes/RPG Monster Duo PBR Polyart/Textures/PBRSlimeAlbedo.png
  artifactKey: Guid(0f625c9ed25ed7c479d59c9a7e72177b) Importer(815301076,1909f56bfc062723c751e8b465ee728b)
Start importing Assets/paquetes/RPG Monster Duo PBR Polyart/Textures/PBRSlimeAlbedo.png using Guid(0f625c9ed25ed7c479d59c9a7e72177b) Importer(815301076,1909f56bfc062723c751e8b465ee728b)  -> (artifact id: 'aa89b4b54c40f7ed96557ac674e2f39a') in 0.010236 seconds
  Import took 0.013371 seconds .

========================================================================
Received Import Request.
  Time since last request: 0.087201 seconds.
  path: Assets/paquetes/Polytope Studio/Lowpoly Medieval Environments/Sources/Textures/PT_Generic_Leaves_01.png
  artifactKey: Guid(55a083d549e055045948e2083099df16) Importer(815301076,1909f56bfc062723c751e8b465ee728b)
Start importing Assets/paquetes/Polytope Studio/Lowpoly Medieval Environments/Sources/Textures/PT_Generic_Leaves_01.png using Guid(55a083d549e055045948e2083099df16) Importer(815301076,1909f56bfc062723c751e8b465ee728b)  -> (artifact id: 'ffb0ddd217bb51813203fb9507f936b5') in 0.052757 seconds
  Import took 0.056382 seconds .

========================================================================
Received Import Request.
  Time since last request: 0.000337 seconds.
  path: Assets/paquetes/Polytope Studio/Lowpoly Medieval Environments/Sources/Textures/PT_Runes_02.png
  artifactKey: Guid(d329461fd2714384088c78ea5f4c2765) Importer(815301076,1909f56bfc062723c751e8b465ee728b)
Start importing Assets/paquetes/Polytope Studio/Lowpoly Medieval Environments/Sources/Textures/PT_Runes_02.png using Guid(d329461fd2714384088c78ea5f4c2765) Importer(815301076,1909f56bfc062723c751e8b465ee728b)  -> (artifact id: 'fc9682825b8e440b76c197a5ca2ff188') in 0.012790 seconds
  Import took 0.014716 seconds .

========================================================================
Received Import Request.
  Time since last request: 0.000314 seconds.
  path: Assets/paquetes/Polytope Studio/Lowpoly Medieval Environments/Sources/Textures/PT_Ground_Generic_03.png
  artifactKey: Guid(e0b09c625cee17a48b22b2cf949cd320) Importer(815301076,1909f56bfc062723c751e8b465ee728b)
Start importing Assets/paquetes/Polytope Studio/Lowpoly Medieval Environments/Sources/Textures/PT_Ground_Generic_03.png using Guid(e0b09c625cee17a48b22b2cf949cd320) Importer(815301076,1909f56bfc062723c751e8b465ee728b)  -> (artifact id: '374667af08fad02d6d20f43a4d1194f0') in 0.016371 seconds
  Import took 0.018272 seconds .

========================================================================
Received Import Request.
  Time since last request: 0.000311 seconds.
  path: Assets/paquetes/Polytope Studio/Lowpoly Medieval Environments/Sources/Textures/PT_Grass_High_02.png
  artifactKey: Guid(4781e48c31bdfb74da8ba377aea81283) Importer(815301076,1909f56bfc062723c751e8b465ee728b)
Start importing Assets/paquetes/Polytope Studio/Lowpoly Medieval Environments/Sources/Textures/PT_Grass_High_02.png using Guid(4781e48c31bdfb74da8ba377aea81283) Importer(815301076,1909f56bfc062723c751e8b465ee728b)  -> (artifact id: 'bdf5fbb5e8840f4debe47e3b914e1827') in 0.029341 seconds
  Import took 0.031620 seconds .

========================================================================
Received Import Request.
  Time since last request: 0.000615 seconds.
  path: Assets/paquetes/Polytope Studio/Lowpoly Medieval Environments/Sources/Textures/PT_Grass_02.png
  artifactKey: Guid(f2a86d9c4950f4c4e81271677d2e2624) Importer(815301076,1909f56bfc062723c751e8b465ee728b)
Start importing Assets/paquetes/Polytope Studio/Lowpoly Medieval Environments/Sources/Textures/PT_Grass_02.png using Guid(f2a86d9c4950f4c4e81271677d2e2624) Importer(815301076,1909f56bfc062723c751e8b465ee728b)  -> (artifact id: '426ac9538015199d0037afa1d2fea0d9') in 0.024290 seconds
  Import took 0.028051 seconds .

========================================================================
Received Import Request.
  Time since last request: 0.000514 seconds.
  path: Assets/paquetes/Polytope Studio/Lowpoly Medieval Environments/Sources/Textures/PT_Ground_Grass_Green_01.png
  artifactKey: Guid(8c75ba30e5f76df4fb30725e4c9bf38a) Importer(815301076,1909f56bfc062723c751e8b465ee728b)
Start importing Assets/paquetes/Polytope Studio/Lowpoly Medieval Environments/Sources/Textures/PT_Ground_Grass_Green_01.png using Guid(8c75ba30e5f76df4fb30725e4c9bf38a) Importer(815301076,1909f56bfc062723c751e8b465ee728b)  -> (artifact id: 'b33891a0625274404edb69a490c43b08') in 0.021153 seconds
  Import took 0.024187 seconds .

========================================================================
Received Import Request.
  Time since last request: 0.000339 seconds.
  path: Assets/paquetes/Polytope Studio/Lowpoly Medieval Environments/Sources/Textures/PT_Water_NM_01.png
  artifactKey: Guid(a78adb8868cccbe4a92d9d81db916e6e) Importer(815301076,1909f56bfc062723c751e8b465ee728b)
Start importing Assets/paquetes/Polytope Studio/Lowpoly Medieval Environments/Sources/Textures/PT_Water_NM_01.png using Guid(a78adb8868cccbe4a92d9d81db916e6e) Importer(815301076,1909f56bfc062723c751e8b465ee728b)  -> (artifact id: '15149185ce5c27677a19a63892ba3df0') in 0.040989 seconds
  Import took 0.044000 seconds .

========================================================================
Received Import Request.
  Time since last request: 0.000522 seconds.
  path: Assets/paquetes/Polytope Studio/Lowpoly Medieval Environments/Sources/Textures/PT_Grass_High_03.png
  artifactKey: Guid(4d7ad2aaddf58dc4e8dc116239a8d744) Importer(815301076,1909f56bfc062723c751e8b465ee728b)
Start importing Assets/paquetes/Polytope Studio/Lowpoly Medieval Environments/Sources/Textures/PT_Grass_High_03.png using Guid(4d7ad2aaddf58dc4e8dc116239a8d744) Importer(815301076,1909f56bfc062723c751e8b465ee728b)  -> (artifact id: 'f2a331335bae2707ff37e5734011dcf0') in 0.024812 seconds
  Import took 0.028930 seconds .

========================================================================
Received Import Request.
  Time since last request: 0.000601 seconds.
  path: Assets/paquetes/Polytope Studio/Lowpoly Medieval Environments/Sources/Textures/PT_Pine_Tree_01.png
  artifactKey: Guid(47c82777887e3fc46bc141849b1b3ccb) Importer(815301076,1909f56bfc062723c751e8b465ee728b)
Start importing Assets/paquetes/Polytope Studio/Lowpoly Medieval Environments/Sources/Textures/PT_Pine_Tree_01.png using Guid(47c82777887e3fc46bc141849b1b3ccb) Importer(815301076,1909f56bfc062723c751e8b465ee728b)  -> (artifact id: '4f6ddff0c159292884b832b289ba5a0f') in 0.027020 seconds
  Import took 0.030753 seconds .

========================================================================
Received Import Request.
  Time since last request: 0.000432 seconds.
  path: Assets/paquetes/Polytope Studio/Lowpoly Medieval Environments/Sources/Textures/PT_Rocks_01.png
  artifactKey: Guid(a195a893970f3ab4990bd06e18a0b308) Importer(815301076,1909f56bfc062723c751e8b465ee728b)
Start importing Assets/paquetes/Polytope Studio/Lowpoly Medieval Environments/Sources/Textures/PT_Rocks_01.png using Guid(a195a893970f3ab4990bd06e18a0b308) Importer(815301076,1909f56bfc062723c751e8b465ee728b)  -> (artifact id: '563ce6744deed0b67e7e2d6740221cbb') in 0.015923 seconds
  Import took 0.018365 seconds .

========================================================================
Received Import Request.
  Time since last request: 0.000275 seconds.
  path: Assets/paquetes/Polytope Studio/Lowpoly Medieval Environments/Sources/Textures/PT_Grass_High_01.png
  artifactKey: Guid(b458cb1c79cb9894196830046f2621fa) Importer(815301076,1909f56bfc062723c751e8b465ee728b)
Start importing Assets/paquetes/Polytope Studio/Lowpoly Medieval Environments/Sources/Textures/PT_Grass_High_01.png using Guid(b458cb1c79cb9894196830046f2621fa) Importer(815301076,1909f56bfc062723c751e8b465ee728b)  -> (artifact id: '4dfd1f0ca01fd9bef583433d9cb419d0') in 0.027334 seconds
  Import took 0.030197 seconds .

========================================================================
Received Import Request.
  Time since last request: 0.000406 seconds.
  path: Assets/paquetes/Polytope Studio/Lowpoly Medieval Environments/Sources/Textures/PT_Mushrooms_01.png
  artifactKey: Guid(9a9ed1d4f54a1ce4a9331c6a1a926976) Importer(815301076,1909f56bfc062723c751e8b465ee728b)
Start importing Assets/paquetes/Polytope Studio/Lowpoly Medieval Environments/Sources/Textures/PT_Mushrooms_01.png using Guid(9a9ed1d4f54a1ce4a9331c6a1a926976) Importer(815301076,1909f56bfc062723c751e8b465ee728b)  -> (artifact id: '20e57d889ce436cc95dfe8fe86187eaa') in 0.023180 seconds
  Import took 0.026897 seconds .

========================================================================
Received Import Request.
  Time since last request: 0.000449 seconds.
  path: Assets/paquetes/Polytope Studio/Lowpoly Medieval Environments/Sources/Textures/PT_Generic_Tree_Leaves_01.png
  artifactKey: Guid(f2ee3ef6a109f0f4b8bfd6f7c1e310f4) Importer(815301076,1909f56bfc062723c751e8b465ee728b)
Start importing Assets/paquetes/Polytope Studio/Lowpoly Medieval Environments/Sources/Textures/PT_Generic_Tree_Leaves_01.png using Guid(f2ee3ef6a109f0f4b8bfd6f7c1e310f4) Importer(815301076,1909f56bfc062723c751e8b465ee728b)  -> (artifact id: 'f5966a51ed89fa27399101038cfb7bf8') in 0.031978 seconds
  Import took 0.034214 seconds .

========================================================================
Received Import Request.
  Time since last request: 0.000323 seconds.
  path: Assets/paquetes/Polytope Studio/Lowpoly Medieval Environments/Sources/Textures/PT_Tree_Trunk_01.png
  artifactKey: Guid(5733ec0c27e7c9d41a230d27ca7b85d4) Importer(815301076,1909f56bfc062723c751e8b465ee728b)
Start importing Assets/paquetes/Polytope Studio/Lowpoly Medieval Environments/Sources/Textures/PT_Tree_Trunk_01.png using Guid(5733ec0c27e7c9d41a230d27ca7b85d4) Importer(815301076,1909f56bfc062723c751e8b465ee728b)  -> (artifact id: 'b6229697412c38ac67e1e8ffffc1382c') in 0.015772 seconds
  Import took 0.019700 seconds .

========================================================================
Received Import Request.
  Time since last request: 0.000549 seconds.
  path: Assets/paquetes/Polytope Studio/Lowpoly Medieval Environments/Sources/Textures/PT_Grass_03.png
  artifactKey: Guid(44ec7a3e14f0b854d8926cad83222db5) Importer(815301076,1909f56bfc062723c751e8b465ee728b)
Start importing Assets/paquetes/Polytope Studio/Lowpoly Medieval Environments/Sources/Textures/PT_Grass_03.png using Guid(44ec7a3e14f0b854d8926cad83222db5) Importer(815301076,1909f56bfc062723c751e8b465ee728b)  -> (artifact id: '16935f3f889fdc061cbd3bfc2d659482') in 0.026492 seconds
  Import took 0.029743 seconds .

========================================================================
Received Import Request.
  Time since last request: 0.000287 seconds.
  path: Assets/paquetes/Polytope Studio/Lowpoly Medieval Environments/Sources/Textures/PT_Poppy_01.png
  artifactKey: Guid(e0eab39b8993b684dbb9800cf1151d33) Importer(815301076,1909f56bfc062723c751e8b465ee728b)
Start importing Assets/paquetes/Polytope Studio/Lowpoly Medieval Environments/Sources/Textures/PT_Poppy_01.png using Guid(e0eab39b8993b684dbb9800cf1151d33) Importer(815301076,1909f56bfc062723c751e8b465ee728b)  -> (artifact id: 'd0e73e537fbe617e1cb18821838abe4d') in 0.013781 seconds
  Import took 0.015598 seconds .

========================================================================
Received Import Request.
  Time since last request: 0.000302 seconds.
  path: Assets/paquetes/Polytope Studio/Lowpoly Medieval Village/Sources/Textures/PT_Medieval_texture.tga
  artifactKey: Guid(16357eda3fc18dd459a8218b92769643) Importer(815301076,1909f56bfc062723c751e8b465ee728b)
Start importing Assets/paquetes/Polytope Studio/Lowpoly Medieval Village/Sources/Textures/PT_Medieval_texture.tga using Guid(16357eda3fc18dd459a8218b92769643) Importer(815301076,1909f56bfc062723c751e8b465ee728b)  -> (artifact id: '6b08db2c3546e4f11cb22d198b514dce') in 0.018531 seconds
  Import took 0.020502 seconds .

========================================================================
Received Import Request.
  Time since last request: 0.000293 seconds.
  path: Assets/paquetes/Polytope Studio/Lowpoly Medieval Environments/Sources/Textures/PT_Grass_01.png
  artifactKey: Guid(1b92b31acbcdce24ba9dc6d01dbc2e84) Importer(815301076,1909f56bfc062723c751e8b465ee728b)
Start importing Assets/paquetes/Polytope Studio/Lowpoly Medieval Environments/Sources/Textures/PT_Grass_01.png using Guid(1b92b31acbcdce24ba9dc6d01dbc2e84) Importer(815301076,1909f56bfc062723c751e8b465ee728b)  -> (artifact id: 'fe9620918d8a3e9cbfd69319f574e98d') in 0.011146 seconds
  Import took 0.012909 seconds .

========================================================================
Received Import Request.
  Time since last request: 0.000292 seconds.
  path: Assets/paquetes/FourEvilDragonsHP/Texture/DragonUsurper/PurpleHP.png
  artifactKey: Guid(005cc54167f5bc347bda1b165320388f) Importer(815301076,1909f56bfc062723c751e8b465ee728b)
Start importing Assets/paquetes/FourEvilDragonsHP/Texture/DragonUsurper/PurpleHP.png using Guid(005cc54167f5bc347bda1b165320388f) Importer(815301076,1909f56bfc062723c751e8b465ee728b)  -> (artifact id: '55292dc0c30226dbe4f600acbd3497d7') in 0.049554 seconds
  Import took 0.051881 seconds .

========================================================================
Received Import Request.
  Time since last request: 0.000416 seconds.
  path: Assets/paquetes/Old Column/ParticleShadersVol1/SampleSceneAssets/sample_scene/ReflectionProbe-0.exr
  artifactKey: Guid(c06e5567746d1c94bb7184e87bb8c4d2) Importer(815301076,1909f56bfc062723c751e8b465ee728b)
Start importing Assets/paquetes/Old Column/ParticleShadersVol1/SampleSceneAssets/sample_scene/ReflectionProbe-0.exr using Guid(c06e5567746d1c94bb7184e87bb8c4d2) Importer(815301076,1909f56bfc062723c751e8b465ee728b)  -> (artifact id: '18190e7f33ff8615ea91ede39934479c') in 0.044172 seconds
  Import took 0.047449 seconds .

========================================================================
Received Import Request.
  Time since last request: 0.000521 seconds.
  path: Assets/paquetes/Sets - Gems/Textures/Reflection.png
  artifactKey: Guid(c6d386281be9847cd9454b6d8795f76a) Importer(815301076,1909f56bfc062723c751e8b465ee728b)
Start importing Assets/paquetes/Sets - Gems/Textures/Reflection.png using Guid(c6d386281be9847cd9454b6d8795f76a) Importer(815301076,1909f56bfc062723c751e8b465ee728b)  -> (artifact id: 'e850a04797b91ddf4aa7151d06aa569e') in 0.020591 seconds
  Import took 0.023519 seconds .

========================================================================
Received Import Request.
  Time since last request: 0.000320 seconds.
  path: Assets/paquetes/Old Column/ParticleShadersVol1/SampleSceneAssets/Textures/rock_01_n.png
  artifactKey: Guid(819fafa1cd3e96445ac6db5405dfcc31) Importer(815301076,1909f56bfc062723c751e8b465ee728b)
Start importing Assets/paquetes/Old Column/ParticleShadersVol1/SampleSceneAssets/Textures/rock_01_n.png using Guid(819fafa1cd3e96445ac6db5405dfcc31) Importer(815301076,1909f56bfc062723c751e8b465ee728b)  -> (artifact id: '9f88763e490eda1394039a3d6b8dad2e') in 0.031549 seconds
  Import took 0.035261 seconds .

========================================================================
Received Import Request.
  Time since last request: 0.000566 seconds.
  path: Assets/paquetes/FourEvilDragonsHP/Texture/DragonUsurper/RedHP.png
  artifactKey: Guid(8afba6e8fe9a67344ab7cb4677d3da0f) Importer(815301076,1909f56bfc062723c751e8b465ee728b)
Start importing Assets/paquetes/FourEvilDragonsHP/Texture/DragonUsurper/RedHP.png using Guid(8afba6e8fe9a67344ab7cb4677d3da0f) Importer(815301076,1909f56bfc062723c751e8b465ee728b)  -> (artifact id: 'b24d1f795f2f720ba1ba5d72dd4c0455') in 0.035759 seconds
  Import took 0.039447 seconds .

========================================================================
Received Import Request.
  Time since last request: 0.000293 seconds.
  path: Assets/paquetes/FourEvilDragonsHP/Texture/DragonUsurper/PurpleHP.png
  artifactKey: Guid(005cc54167f5bc347bda1b165320388f) Importer(815301076,1909f56bfc062723c751e8b465ee728b)
Start importing Assets/paquetes/FourEvilDragonsHP/Texture/DragonUsurper/PurpleHP.png using Guid(005cc54167f5bc347bda1b165320388f) Importer(815301076,1909f56bfc062723c751e8b465ee728b)  -> (artifact id: '55292dc0c30226dbe4f600acbd3497d7') in 0.031395 seconds
  Import took 0.033192 seconds .

========================================================================
Received Import Request.
  Time since last request: 0.000328 seconds.
  path: Assets/paquetes/Polytope Studio/Lowpoly Medieval Village/Sources/Textures/PT_Medieval_texture.tga
  artifactKey: Guid(16357eda3fc18dd459a8218b92769643) Importer(815301076,1909f56bfc062723c751e8b465ee728b)
Start importing Assets/paquetes/Polytope Studio/Lowpoly Medieval Village/Sources/Textures/PT_Medieval_texture.tga using Guid(16357eda3fc18dd459a8218b92769643) Importer(815301076,1909f56bfc062723c751e8b465ee728b)  -> (artifact id: '6b08db2c3546e4f11cb22d198b514dce') in 0.005688 seconds
  Import took 0.007443 seconds .

========================================================================
Received Import Request.
  Time since last request: 0.000300 seconds.
  path: Assets/paquetes/Old Column/ParticleShadersVol1/SampleSceneAssets/Textures/rock_01_d.tif
  artifactKey: Guid(a12d3e86afd30e241b786df84b0f42af) Importer(815301076,1909f56bfc062723c751e8b465ee728b)
Start importing Assets/paquetes/Old Column/ParticleShadersVol1/SampleSceneAssets/Textures/rock_01_d.tif using Guid(a12d3e86afd30e241b786df84b0f42af) Importer(815301076,1909f56bfc062723c751e8b465ee728b)  -> (artifact id: '9ac954a1a1af6c85c9bbf2f3bf74b4b6') in 0.035541 seconds
  Import took 0.038350 seconds .

========================================================================
Received Import Request.
  Time since last request: 0.081181 seconds.
  path: Assets/paquetes/FourEvilDragonsHP/Texture/DragonUsurper/RedHP.png
  artifactKey: Guid(8afba6e8fe9a67344ab7cb4677d3da0f) Importer(815301076,1909f56bfc062723c751e8b465ee728b)
Start importing Assets/paquetes/FourEvilDragonsHP/Texture/DragonUsurper/RedHP.png using Guid(8afba6e8fe9a67344ab7cb4677d3da0f) Importer(815301076,1909f56bfc062723c751e8b465ee728b)  -> (artifact id: 'b24d1f795f2f720ba1ba5d72dd4c0455') in 0.021604 seconds
  Import took 0.024595 seconds .

========================================================================
Received Import Request.
  Time since last request: 0.149785 seconds.
  path: Assets/paquetes/PowerUp/Materials/shine.tga
  artifactKey: Guid(af4fe9730068e18419ff84a958ba6744) Importer(815301076,1909f56bfc062723c751e8b465ee728b)
Start importing Assets/paquetes/PowerUp/Materials/shine.tga using Guid(af4fe9730068e18419ff84a958ba6744) Importer(815301076,1909f56bfc062723c751e8b465ee728b)  -> (artifact id: '1f95e7a6dd652967f968737aeabebcd6') in 0.026289 seconds
  Import took 0.031031 seconds .

========================================================================
Received Import Request.
  Time since last request: 0.000787 seconds.
  path: Assets/paquetes/SinuousShrooms/Models/Materials/Textures/Caps/ShroomTop_02.png
  artifactKey: Guid(05993d19b92979549af502314c014b97) Importer(815301076,1909f56bfc062723c751e8b465ee728b)
Start importing Assets/paquetes/SinuousShrooms/Models/Materials/Textures/Caps/ShroomTop_02.png using Guid(05993d19b92979549af502314c014b97) Importer(815301076,1909f56bfc062723c751e8b465ee728b)  -> (artifact id: 'c868297859a07380e43721f5f4cde75c') in 0.034199 seconds
  Import took 0.047605 seconds .

========================================================================
Received Import Request.
  Time since last request: 0.000946 seconds.
  path: Assets/paquetes/SinuousShrooms/Models/Materials/Textures/Caps/ShroomTop_01.png
  artifactKey: Guid(abe7d9fc72c0350448baeb3cd1b1a543) Importer(815301076,1909f56bfc062723c751e8b465ee728b)
Start importing Assets/paquetes/SinuousShrooms/Models/Materials/Textures/Caps/ShroomTop_01.png using Guid(abe7d9fc72c0350448baeb3cd1b1a543) Importer(815301076,1909f56bfc062723c751e8b465ee728b)  -> (artifact id: '41b83c512a215c094c57c6aae0242d15') in 0.027852 seconds
  Import took 0.033593 seconds .

========================================================================
Received Import Request.
  Time since last request: 0.002090 seconds.
  path: Assets/paquetes/SinuousShrooms/Models/Materials/Textures/Caps/ShroomTop_03.png
  artifactKey: Guid(83c34132a1fb10e42a8d79b305db6e1f) Importer(815301076,1909f56bfc062723c751e8b465ee728b)
Start importing Assets/paquetes/SinuousShrooms/Models/Materials/Textures/Caps/ShroomTop_03.png using Guid(83c34132a1fb10e42a8d79b305db6e1f) Importer(815301076,1909f56bfc062723c751e8b465ee728b)  -> (artifact id: '17fbe09eb3399807e636a4f24e2e4e8c') in 0.031663 seconds
  Import took 0.034887 seconds .

========================================================================
Received Import Request.
  Time since last request: 0.000336 seconds.
  path: Assets/paquetes/PowerUp/Materials/shine-1.tga
  artifactKey: Guid(a1bde096ad2e87342930da8beb2b8818) Importer(815301076,1909f56bfc062723c751e8b465ee728b)
Start importing Assets/paquetes/PowerUp/Materials/shine-1.tga using Guid(a1bde096ad2e87342930da8beb2b8818) Importer(815301076,1909f56bfc062723c751e8b465ee728b)  -> (artifact id: '145121f8887d143cbc7fa2f105362f17') in 0.051980 seconds
  Import took 0.055868 seconds .

========================================================================
Received Import Request.
  Time since last request: 0.002580 seconds.
  path: Assets/paquetes/PowerUp/Materials/shine-1.tga
  artifactKey: Guid(a1bde096ad2e87342930da8beb2b8818) Importer(815301076,1909f56bfc062723c751e8b465ee728b)
Start importing Assets/paquetes/PowerUp/Materials/shine-1.tga using Guid(a1bde096ad2e87342930da8beb2b8818) Importer(815301076,1909f56bfc062723c751e8b465ee728b)  -> (artifact id: '145121f8887d143cbc7fa2f105362f17') in 0.008603 seconds
  Import took 0.015731 seconds .

========================================================================
Received Import Request.
  Time since last request: 0.359413 seconds.
  path: Assets/paquetes/SinuousShrooms/Models/Materials/Textures/Caps/ShroomTop_04.png
  artifactKey: Guid(f3bf19f07c873fa4ca0b80361a8bc855) Importer(815301076,1909f56bfc062723c751e8b465ee728b)
Start importing Assets/paquetes/SinuousShrooms/Models/Materials/Textures/Caps/ShroomTop_04.png using Guid(f3bf19f07c873fa4ca0b80361a8bc855) Importer(815301076,1909f56bfc062723c751e8b465ee728b)  -> (artifact id: '4c943ea5786abf6b3f2d384c1a90c47e') in 0.030846 seconds
  Import took 0.034117 seconds .

========================================================================
Received Import Request.
  Time since last request: 0.000418 seconds.
  path: Assets/paquetes/Old Column/ParticleShadersVol1/Textures/smoke_01.tga
  artifactKey: Guid(14b96c70d14f0b6468aa4948f364da8e) Importer(815301076,1909f56bfc062723c751e8b465ee728b)
Start importing Assets/paquetes/Old Column/ParticleShadersVol1/Textures/smoke_01.tga using Guid(14b96c70d14f0b6468aa4948f364da8e) Importer(815301076,1909f56bfc062723c751e8b465ee728b)  -> (artifact id: '3be370c2360bf074d13538ea6a9c1f2e') in 0.016728 seconds
  Import took 0.019163 seconds .

========================================================================
Received Import Request.
  Time since last request: 0.000280 seconds.
  path: Assets/paquetes/Old Column/ParticleShadersVol1/SampleSceneAssets/sample_scene/SkyboxProbe-0.exr
  artifactKey: Guid(49cf27a1da7c9ed46b33b25bd52a1adb) Importer(815301076,1909f56bfc062723c751e8b465ee728b)
Start importing Assets/paquetes/Old Column/ParticleShadersVol1/SampleSceneAssets/sample_scene/SkyboxProbe-0.exr using Guid(49cf27a1da7c9ed46b33b25bd52a1adb) Importer(815301076,1909f56bfc062723c751e8b465ee728b)  -> (artifact id: 'ffe061a672d9fec081b3a2c9692b50b0') in 0.031723 seconds
  Import took 0.034593 seconds .

========================================================================
Received Import Request.
  Time since last request: 0.000331 seconds.
  path: Assets/paquetes/SinuousShrooms/Models/Materials/Textures/Caps/ShroomTop_05.png
  artifactKey: Guid(eeb828b350fc74d4c978009be959a2f3) Importer(815301076,1909f56bfc062723c751e8b465ee728b)
Start importing Assets/paquetes/SinuousShrooms/Models/Materials/Textures/Caps/ShroomTop_05.png using Guid(eeb828b350fc74d4c978009be959a2f3) Importer(815301076,1909f56bfc062723c751e8b465ee728b)  -> (artifact id: 'd1322087ef5d006e42105f58469b23e3') in 0.016793 seconds
  Import took 0.021659 seconds .

========================================================================
Received Import Request.
  Time since last request: 0.850518 seconds.
  path: Assets/paquetes/Old Column/ParticleShadersVol1/Textures/smoke_02.tga
  artifactKey: Guid(52fe7e3262f31cc4b97a96d280218d1d) Importer(815301076,1909f56bfc062723c751e8b465ee728b)
Start importing Assets/paquetes/Old Column/ParticleShadersVol1/Textures/smoke_02.tga using Guid(52fe7e3262f31cc4b97a96d280218d1d) Importer(815301076,1909f56bfc062723c751e8b465ee728b)  -> (artifact id: 'a2461b7c6b4050613eacb6493f92b656') in 0.025293 seconds
  Import took 0.028444 seconds .

========================================================================
Received Import Request.
  Time since last request: 0.000397 seconds.
  path: Assets/paquetes/Old Column/ParticleShadersVol1/Textures/smoke_03_clear.tga
  artifactKey: Guid(a2b8ba3c7b666a74aa4fb0377f04ad6b) Importer(815301076,1909f56bfc062723c751e8b465ee728b)
Start importing Assets/paquetes/Old Column/ParticleShadersVol1/Textures/smoke_03_clear.tga using Guid(a2b8ba3c7b666a74aa4fb0377f04ad6b) Importer(815301076,1909f56bfc062723c751e8b465ee728b)  -> (artifact id: 'e53b7bb24e02da9b3d1f348f00b03dfc') in 0.017640 seconds
  Import took 0.020233 seconds .

========================================================================
Received Import Request.
  Time since last request: 0.000300 seconds.
  path: Assets/paquetes/Old Column/ParticleShadersVol1/Textures/smoke_03.tga
  artifactKey: Guid(0bb19c4f623e63d4dad3fcbea886eb9e) Importer(815301076,1909f56bfc062723c751e8b465ee728b)
Start importing Assets/paquetes/Old Column/ParticleShadersVol1/Textures/smoke_03.tga using Guid(0bb19c4f623e63d4dad3fcbea886eb9e) Importer(815301076,1909f56bfc062723c751e8b465ee728b)  -> (artifact id: '5b2fb28c8f3518d2034eb52a0360f707') in 0.020777 seconds
  Import took 0.022984 seconds .

========================================================================
Received Import Request.
  Time since last request: 0.000389 seconds.
  path: Assets/paquetes/Old Column/ParticleShadersVol1/Textures/smoke_03_matted.tga
  artifactKey: Guid(7503887c5d6ea694d84ad8f50474a3ad) Importer(815301076,1909f56bfc062723c751e8b465ee728b)
Start importing Assets/paquetes/Old Column/ParticleShadersVol1/Textures/smoke_03_matted.tga using Guid(7503887c5d6ea694d84ad8f50474a3ad) Importer(815301076,1909f56bfc062723c751e8b465ee728b)  -> (artifact id: '425a79db9d56dc0564fc824e57ab85b7') in 0.038984 seconds
  Import took 0.041825 seconds .

========================================================================
Received Import Request.
  Time since last request: 0.000421 seconds.
  path: Assets/paquetes/PowerUp/Materials/spark-1.tga
  artifactKey: Guid(2dc82d30627a42945ac935e5658a1d4d) Importer(815301076,1909f56bfc062723c751e8b465ee728b)
Start importing Assets/paquetes/PowerUp/Materials/spark-1.tga using Guid(2dc82d30627a42945ac935e5658a1d4d) Importer(815301076,1909f56bfc062723c751e8b465ee728b)  -> (artifact id: '5f7fe74a3cc4414af055d3cc400d3559') in 0.013653 seconds
  Import took 0.016024 seconds .

========================================================================
Received Import Request.
  Time since last request: 0.055748 seconds.
  path: Assets/paquetes/PowerUp/Materials/spark-2.tga
  artifactKey: Guid(0a4e461b2cf4e484d802e723251be7c0) Importer(815301076,1909f56bfc062723c751e8b465ee728b)
Start importing Assets/paquetes/PowerUp/Materials/spark-2.tga using Guid(0a4e461b2cf4e484d802e723251be7c0) Importer(815301076,1909f56bfc062723c751e8b465ee728b)  -> (artifact id: '89767c557a57ed061042e901dfacf643') in 0.030574 seconds
  Import took 0.033078 seconds .

========================================================================
Received Import Request.
  Time since last request: 0.000391 seconds.
  path: Assets/paquetes/Old Column/ParticleShadersVol1/Textures/spark_01.tga
  artifactKey: Guid(e22cac7af03588940921e765f90f2309) Importer(815301076,1909f56bfc062723c751e8b465ee728b)
Start importing Assets/paquetes/Old Column/ParticleShadersVol1/Textures/spark_01.tga using Guid(e22cac7af03588940921e765f90f2309) Importer(815301076,1909f56bfc062723c751e8b465ee728b)  -> (artifact id: '804a617001957f106fd1c1e8e08c05ed') in 0.018732 seconds
  Import took 0.020838 seconds .

========================================================================
Received Import Request.
  Time since last request: 0.000283 seconds.
  path: Assets/paquetes/PowerUp/Materials/spark-4.tga
  artifactKey: Guid(bc7f73aad75bda84b91b729bcddc4717) Importer(815301076,1909f56bfc062723c751e8b465ee728b)
Start importing Assets/paquetes/PowerUp/Materials/spark-4.tga using Guid(bc7f73aad75bda84b91b729bcddc4717) Importer(815301076,1909f56bfc062723c751e8b465ee728b)  -> (artifact id: '1da7a9aef2dad57d6e9fd10087cc0525') in 0.021004 seconds
  Import took 0.023842 seconds .

========================================================================
Received Import Request.
  Time since last request: 0.000541 seconds.
  path: Assets/paquetes/PowerUp/Materials/spark-3.tga
  artifactKey: Guid(c329e31cd338d284cb61fd4048be3047) Importer(815301076,1909f56bfc062723c751e8b465ee728b)
Start importing Assets/paquetes/PowerUp/Materials/spark-3.tga using Guid(c329e31cd338d284cb61fd4048be3047) Importer(815301076,1909f56bfc062723c751e8b465ee728b)  -> (artifact id: 'be72a6e8704c9b293f604ee929f3b200') in 0.012720 seconds
  Import took 0.015412 seconds .

========================================================================
Received Import Request.
  Time since last request: 0.070680 seconds.
  path: Assets/paquetes/PowerUp/Materials/spark-3.tga
  artifactKey: Guid(c329e31cd338d284cb61fd4048be3047) Importer(815301076,1909f56bfc062723c751e8b465ee728b)
Start importing Assets/paquetes/PowerUp/Materials/spark-3.tga using Guid(c329e31cd338d284cb61fd4048be3047) Importer(815301076,1909f56bfc062723c751e8b465ee728b)  -> (artifact id: 'be72a6e8704c9b293f604ee929f3b200') in 0.015781 seconds
  Import took 0.018810 seconds .

========================================================================
Received Import Request.
  Time since last request: 0.000399 seconds.
  path: Assets/paquetes/Old Column/ParticleShadersVol1/SampleSceneAssets/Textures/terrain_01_n.png
  artifactKey: Guid(fae71db0b0aa94f46805b0a794831aac) Importer(815301076,1909f56bfc062723c751e8b465ee728b)
Start importing Assets/paquetes/Old Column/ParticleShadersVol1/SampleSceneAssets/Textures/terrain_01_n.png using Guid(fae71db0b0aa94f46805b0a794831aac) Importer(815301076,1909f56bfc062723c751e8b465ee728b)  -> (artifact id: '374121d0622c11f5ac0cc45ea1ac3bcb') in 0.028575 seconds
  Import took 0.032711 seconds .

========================================================================
Received Import Request.
  Time since last request: 0.000563 seconds.
  path: Assets/paquetes/AllSkyFree/_AllSkyFreeDemoEnvironment/SunGlare.psd
  artifactKey: Guid(85a4e5125000348519b7a18a518e6a69) Importer(815301076,1909f56bfc062723c751e8b465ee728b)
Start importing Assets/paquetes/AllSkyFree/_AllSkyFreeDemoEnvironment/SunGlare.psd using Guid(85a4e5125000348519b7a18a518e6a69) Importer(815301076,1909f56bfc062723c751e8b465ee728b)  -> (artifact id: '0f349fc296c36e825e79c9aee6a2aa82') in 0.021511 seconds
  Import took 0.024427 seconds .

========================================================================
Received Import Request.
  Time since last request: 0.000317 seconds.
  path: Assets/paquetes/Old Column/ParticleShadersVol1/SampleSceneAssets/Textures/terrain_01.png
  artifactKey: Guid(4fb1aa86a36df5347a965a6ff922d847) Importer(815301076,1909f56bfc062723c751e8b465ee728b)
Start importing Assets/paquetes/Old Column/ParticleShadersVol1/SampleSceneAssets/Textures/terrain_01.png using Guid(4fb1aa86a36df5347a965a6ff922d847) Importer(815301076,1909f56bfc062723c751e8b465ee728b)  -> (artifact id: 'a84b32dfaf89a221e71d690b36ca7375') in 0.023610 seconds
  Import took 0.026231 seconds .

========================================================================
Received Import Request.
  Time since last request: 0.073404 seconds.
  path: Assets/paquetes/AllSkyFree/_AllSkyFreeDemoEnvironment/SunGlare.psd
  artifactKey: Guid(85a4e5125000348519b7a18a518e6a69) Importer(815301076,1909f56bfc062723c751e8b465ee728b)
Start importing Assets/paquetes/AllSkyFree/_AllSkyFreeDemoEnvironment/SunGlare.psd using Guid(85a4e5125000348519b7a18a518e6a69) Importer(815301076,1909f56bfc062723c751e8b465ee728b)  -> (artifact id: '0f349fc296c36e825e79c9aee6a2aa82') in 0.009954 seconds
  Import took 0.013418 seconds .

========================================================================
Received Import Request.
  Time since last request: 6.964760 seconds.
  path: Assets/Materiales/New Material 4.mat
  artifactKey: Guid(15df928c4da8089479933dd3a5309b24) Importer(815301076,1909f56bfc062723c751e8b465ee728b)
Start importing Assets/Materiales/New Material 4.mat using Guid(15df928c4da8089479933dd3a5309b24) Importer(815301076,1909f56bfc062723c751e8b465ee728b)  -> (artifact id: 'f7d33de2635951abc8d42f6ce50f9445') in 0.069475 seconds
  Import took 0.075149 seconds .

========================================================================
Received Import Request.
  Time since last request: 0.048868 seconds.
  path: Assets/Materiales/New Material 4.mat
  artifactKey: Guid(15df928c4da8089479933dd3a5309b24) Importer(815301076,1909f56bfc062723c751e8b465ee728b)
Start importing Assets/Materiales/New Material 4.mat using Guid(15df928c4da8089479933dd3a5309b24) Importer(815301076,1909f56bfc062723c751e8b465ee728b)  -> (artifact id: 'f7d33de2635951abc8d42f6ce50f9445') in 0.088893 seconds
  Import took 0.093260 seconds .

========================================================================
Received Prepare
Refreshing native plugins compatible for Editor in 1.15 ms, found 0 plugins.
Preloading 0 native plugins for Editor in 0.00 ms.
Unloading 2 Unused Serialized files (Serialized files now loaded: 0)
System memory in use before: 102.5 MB.
System memory in use after: 102.6 MB.

Unloading 2 unused Assets to reduce memory usage. Loaded Objects now: 1651.
Total: 5.080200 ms (FindLiveObjects: 0.722500 ms CreateObjectMapping: 0.176000 ms MarkObjects: 4.153500 ms  DeleteObjects: 0.025200 ms)

========================================================================
Received Import Request.
  Time since last request: 676.482005 seconds.
  path: Assets/Scripts/Juego/Instanciador.cs
  artifactKey: Guid(ba37ac82eb2fdda449a687d0d0b5e1af) Importer(815301076,1909f56bfc062723c751e8b465ee728b)
Start importing Assets/Scripts/Juego/Instanciador.cs using Guid(ba37ac82eb2fdda449a687d0d0b5e1af) Importer(815301076,1909f56bfc062723c751e8b465ee728b)  -> (artifact id: 'b9d9ba011a67189bc5c6a41040e7a89a') in 0.010091 seconds
  Import took 0.012470 seconds .

========================================================================
Received Prepare
Registering precompiled user dll's ...
Registered in 0.002587 seconds.
Begin MonoManager ReloadAssembly
Native extension for WindowsStandalone target not found
Refreshing native plugins compatible for Editor in 0.60 ms, found 0 plugins.
Preloading 0 native plugins for Editor in 0.00 ms.
Invoked RoslynAnalysisRunner static constructor.
RoslynAnalysisRunner will not be running.
RoslynAnalysisRunner has terminated.
Mono: successfully reloaded assembly
- Completed reload, in  2.531 seconds
Platform modules already initialized, skipping
Refreshing native plugins compatible for Editor in 0.50 ms, found 0 plugins.
Preloading 0 native plugins for Editor in 0.00 ms.
Unloading 1127 Unused Serialized files (Serialized files now loaded: 0)
System memory in use before: 125.7 MB.
System memory in use after: 125.8 MB.

Unloading 4 unused Assets to reduce memory usage. Loaded Objects now: 1654.
Total: 5.968300 ms (FindLiveObjects: 0.456100 ms CreateObjectMapping: 0.211400 ms MarkObjects: 5.253200 ms  DeleteObjects: 0.043500 ms)

========================================================================
Received Import Request.
  Time since last request: 16.489613 seconds.
  path: Assets/Scripts/Juego/BolaFire.cs
  artifactKey: Guid(62c5fdc127536734c8e763285dc744cb) Importer(815301076,1909f56bfc062723c751e8b465ee728b)
Start importing Assets/Scripts/Juego/BolaFire.cs using Guid(62c5fdc127536734c8e763285dc744cb) Importer(815301076,1909f56bfc062723c751e8b465ee728b)  -> (artifact id: 'e5c19773478bda5f434a42df7c9e7fcb') in 0.028126 seconds
  Import took 0.033649 seconds .

========================================================================
Received Prepare
Registering precompiled user dll's ...
Registered in 0.000572 seconds.
Begin MonoManager ReloadAssembly
Native extension for WindowsStandalone target not found
Refreshing native plugins compatible for Editor in 0.27 ms, found 0 plugins.
Preloading 0 native plugins for Editor in 0.00 ms.
Invoked RoslynAnalysisRunner static constructor.
RoslynAnalysisRunner will not be running.
RoslynAnalysisRunner has terminated.
Mono: successfully reloaded assembly
- Completed reload, in  0.857 seconds
Platform modules already initialized, skipping
Refreshing native plugins compatible for Editor in 0.24 ms, found 0 plugins.
Preloading 0 native plugins for Editor in 0.00 ms.
Unloading 1127 Unused Serialized files (Serialized files now loaded: 0)
System memory in use before: 125.7 MB.
System memory in use after: 125.8 MB.

Unloading 4 unused Assets to reduce memory usage. Loaded Objects now: 1657.
Total: 1.851900 ms (FindLiveObjects: 0.366700 ms CreateObjectMapping: 0.109500 ms MarkObjects: 1.359400 ms  DeleteObjects: 0.013600 ms)

========================================================================
Received Prepare
Registering precompiled user dll's ...
Registered in 0.000581 seconds.
Begin MonoManager ReloadAssembly
Native extension for WindowsStandalone target not found
Refreshing native plugins compatible for Editor in 0.23 ms, found 0 plugins.
Preloading 0 native plugins for Editor in 0.00 ms.
Invoked RoslynAnalysisRunner static constructor.
RoslynAnalysisRunner will not be running.
RoslynAnalysisRunner has terminated.
Mono: successfully reloaded assembly
- Completed reload, in  0.808 seconds
Platform modules already initialized, skipping
Refreshing native plugins compatible for Editor in 0.24 ms, found 0 plugins.
Preloading 0 native plugins for Editor in 0.00 ms.
Unloading 1127 Unused Serialized files (Serialized files now loaded: 0)
System memory in use before: 125.7 MB.
System memory in use after: 125.8 MB.

Unloading 4 unused Assets to reduce memory usage. Loaded Objects now: 1660.
Total: 5.092800 ms (FindLiveObjects: 0.186600 ms CreateObjectMapping: 0.172900 ms MarkObjects: 4.684800 ms  DeleteObjects: 0.046300 ms)

========================================================================
Received Prepare
Registering precompiled user dll's ...
Registered in 0.000617 seconds.
Begin MonoManager ReloadAssembly
Native extension for WindowsStandalone target not found
Refreshing native plugins compatible for Editor in 0.24 ms, found 0 plugins.
Preloading 0 native plugins for Editor in 0.00 ms.
Invoked RoslynAnalysisRunner static constructor.
RoslynAnalysisRunner will not be running.
RoslynAnalysisRunner has terminated.
Mono: successfully reloaded assembly
- Completed reload, in  1.028 seconds
Platform modules already initialized, skipping
Refreshing native plugins compatible for Editor in 0.23 ms, found 0 plugins.
Preloading 0 native plugins for Editor in 0.00 ms.
Unloading 1127 Unused Serialized files (Serialized files now loaded: 0)
System memory in use before: 125.8 MB.
System memory in use after: 125.9 MB.

Unloading 4 unused Assets to reduce memory usage. Loaded Objects now: 1663.
Total: 1.624400 ms (FindLiveObjects: 0.149500 ms CreateObjectMapping: 0.037700 ms MarkObjects: 1.424000 ms  DeleteObjects: 0.011900 ms)

========================================================================
Received Prepare
Registering precompiled user dll's ...
Registered in 0.001057 seconds.
Begin MonoManager ReloadAssembly
Native extension for WindowsStandalone target not found
Refreshing native plugins compatible for Editor in 0.42 ms, found 0 plugins.
Preloading 0 native plugins for Editor in 0.00 ms.
Invoked RoslynAnalysisRunner static constructor.
RoslynAnalysisRunner will not be running.
RoslynAnalysisRunner has terminated.
Mono: successfully reloaded assembly
- Completed reload, in  0.793 seconds
Platform modules already initialized, skipping
Refreshing native plugins compatible for Editor in 0.24 ms, found 0 plugins.
Preloading 0 native plugins for Editor in 0.00 ms.
Unloading 1127 Unused Serialized files (Serialized files now loaded: 0)
System memory in use before: 125.8 MB.
System memory in use after: 125.9 MB.

Unloading 4 unused Assets to reduce memory usage. Loaded Objects now: 1666.
Total: 5.692700 ms (FindLiveObjects: 0.263900 ms CreateObjectMapping: 0.058900 ms MarkObjects: 5.331900 ms  DeleteObjects: 0.035500 ms)

========================================================================
Received Import Request.
  Time since last request: 1090.293401 seconds.
  path: ProjectSettings/TagManager.asset
  artifactKey: Guid(00000000000000003000000000000000) Importer(815301076,1909f56bfc062723c751e8b465ee728b)
Start importing ProjectSettings/TagManager.asset using Guid(00000000000000003000000000000000) Importer(815301076,1909f56bfc062723c751e8b465ee728b)  -> (artifact id: '746eb49e6341c31df59fca8f51cdee27') in 0.022222 seconds
  Import took 0.026020 seconds .

========================================================================
Received Import Request.
  Time since last request: 0.007062 seconds.
  path: ProjectSettings/TagManager.asset
  artifactKey: Guid(00000000000000003000000000000000) Importer(815301076,1909f56bfc062723c751e8b465ee728b)
Start importing ProjectSettings/TagManager.asset using Guid(00000000000000003000000000000000) Importer(815301076,1909f56bfc062723c751e8b465ee728b)  -> (artifact id: '746eb49e6341c31df59fca8f51cdee27') in 0.007052 seconds
  Import took 0.013376 seconds .

========================================================================
Received Import Request.
  Time since last request: 11.032755 seconds.
  path: Assets/MisPrefabs/obstac2.prefab
  artifactKey: Guid(3d12fcaafcb7ff948845dc36d543ca67) Importer(815301076,1909f56bfc062723c751e8b465ee728b)
Start importing Assets/MisPrefabs/obstac2.prefab using Guid(3d12fcaafcb7ff948845dc36d543ca67) Importer(815301076,1909f56bfc062723c751e8b465ee728b)  -> (artifact id: '207d531840338b38e441e068839fe7d1') in 0.149208 seconds
  Import took 0.156578 seconds .

========================================================================
Received Import Request.
  Time since last request: 4.108920 seconds.
  path: Assets/MisPrefabs/power1.prefab
  artifactKey: Guid(b0bc038221b74d24fb8c3bb3aa29be7f) Importer(815301076,1909f56bfc062723c751e8b465ee728b)
Start importing Assets/MisPrefabs/power1.prefab using Guid(b0bc038221b74d24fb8c3bb3aa29be7f) Importer(815301076,1909f56bfc062723c751e8b465ee728b)  -> (artifact id: '2e4c553defefefdb967adb22c8e501f0') in 0.037161 seconds
  Import took 0.042621 seconds .

========================================================================
Received Import Request.
  Time since last request: 4.287922 seconds.
  path: Assets/MisPrefabs/PowerUpContainerFlame-1.prefab
  artifactKey: Guid(712b1d39a305860459b244bda5e66325) Importer(815301076,1909f56bfc062723c751e8b465ee728b)
Start importing Assets/MisPrefabs/PowerUpContainerFlame-1.prefab using Guid(712b1d39a305860459b244bda5e66325) Importer(815301076,1909f56bfc062723c751e8b465ee728b)  -> (artifact id: 'b1b34dd1a28f4fd4319a7154f8a05322') in 0.016699 seconds
  Import took 0.019166 seconds .

========================================================================
Received Import Request.
  Time since last request: 6.322071 seconds.
  path: Assets/MisPrefabs/obstac1.prefab
  artifactKey: Guid(f4833527a49f0d442aa51dc604d4399e) Importer(815301076,1909f56bfc062723c751e8b465ee728b)
Start importing Assets/MisPrefabs/obstac1.prefab using Guid(f4833527a49f0d442aa51dc604d4399e) Importer(815301076,1909f56bfc062723c751e8b465ee728b)  -> (artifact id: '548620db7692eef77767430bd5e78298') in 0.040254 seconds
  Import took 0.043757 seconds .

========================================================================
Received Prepare
Registering precompiled user dll's ...
Registered in 0.002729 seconds.
Begin MonoManager ReloadAssembly
Native extension for WindowsStandalone target not found
Refreshing native plugins compatible for Editor in 0.48 ms, found 0 plugins.
Preloading 0 native plugins for Editor in 0.00 ms.
Invoked RoslynAnalysisRunner static constructor.
RoslynAnalysisRunner will not be running.
RoslynAnalysisRunner has terminated.
Mono: successfully reloaded assembly
- Completed reload, in  0.856 seconds
Platform modules already initialized, skipping
Refreshing native plugins compatible for Editor in 0.26 ms, found 0 plugins.
Preloading 0 native plugins for Editor in 0.00 ms.
Unloading 1127 Unused Serialized files (Serialized files now loaded: 0)
System memory in use before: 140.0 MB.
System memory in use after: 140.1 MB.

Unloading 6 unused Assets to reduce memory usage. Loaded Objects now: 1673.
Total: 1.658000 ms (FindLiveObjects: 0.129400 ms CreateObjectMapping: 0.040900 ms MarkObjects: 1.472900 ms  DeleteObjects: 0.013400 ms)

========================================================================
Received Prepare
Registering precompiled user dll's ...
Registered in 0.001128 seconds.
Begin MonoManager ReloadAssembly
Native extension for WindowsStandalone target not found
Refreshing native plugins compatible for Editor in 0.23 ms, found 0 plugins.
Preloading 0 native plugins for Editor in 0.00 ms.
Invoked RoslynAnalysisRunner static constructor.
RoslynAnalysisRunner will not be running.
RoslynAnalysisRunner has terminated.
Mono: successfully reloaded assembly
- Completed reload, in  0.928 seconds
Platform modules already initialized, skipping
Refreshing native plugins compatible for Editor in 0.24 ms, found 0 plugins.
Preloading 0 native plugins for Editor in 0.00 ms.
Unloading 1127 Unused Serialized files (Serialized files now loaded: 0)
System memory in use before: 140.0 MB.
System memory in use after: 140.1 MB.

Unloading 4 unused Assets to reduce memory usage. Loaded Objects now: 1676.
Total: 3.649800 ms (FindLiveObjects: 0.451600 ms CreateObjectMapping: 0.219100 ms MarkObjects: 2.950400 ms  DeleteObjects: 0.026600 ms)

========================================================================
Received Prepare
Registering precompiled user dll's ...
Registered in 0.000537 seconds.
Begin MonoManager ReloadAssembly
Native extension for WindowsStandalone target not found
Refreshing native plugins compatible for Editor in 0.24 ms, found 0 plugins.
Preloading 0 native plugins for Editor in 0.00 ms.
Invoked RoslynAnalysisRunner static constructor.
RoslynAnalysisRunner will not be running.
RoslynAnalysisRunner has terminated.
Mono: successfully reloaded assembly
- Completed reload, in  0.713 seconds
Platform modules already initialized, skipping
Refreshing native plugins compatible for Editor in 0.23 ms, found 0 plugins.
Preloading 0 native plugins for Editor in 0.00 ms.
Unloading 1127 Unused Serialized files (Serialized files now loaded: 0)
System memory in use before: 140.0 MB.
System memory in use after: 140.1 MB.

Unloading 4 unused Assets to reduce memory usage. Loaded Objects now: 1679.
Total: 1.531400 ms (FindLiveObjects: 0.144800 ms CreateObjectMapping: 0.038000 ms MarkObjects: 1.336000 ms  DeleteObjects: 0.011500 ms)

========================================================================
Received Prepare
Registering precompiled user dll's ...
Registered in 0.000626 seconds.
Begin MonoManager ReloadAssembly
Native extension for WindowsStandalone target not found
Refreshing native plugins compatible for Editor in 0.23 ms, found 0 plugins.
Preloading 0 native plugins for Editor in 0.00 ms.
Invoked RoslynAnalysisRunner static constructor.
RoslynAnalysisRunner will not be running.
RoslynAnalysisRunner has terminated.
Mono: successfully reloaded assembly
- Completed reload, in  0.717 seconds
Platform modules already initialized, skipping
Refreshing native plugins compatible for Editor in 0.25 ms, found 0 plugins.
Preloading 0 native plugins for Editor in 0.00 ms.
Unloading 1127 Unused Serialized files (Serialized files now loaded: 0)
System memory in use before: 140.0 MB.
System memory in use after: 140.1 MB.

Unloading 4 unused Assets to reduce memory usage. Loaded Objects now: 1682.
Total: 5.085900 ms (FindLiveObjects: 0.411200 ms CreateObjectMapping: 0.130400 ms MarkObjects: 4.495600 ms  DeleteObjects: 0.045400 ms)

========================================================================
Received Prepare
Registering precompiled user dll's ...
Registered in 0.000652 seconds.
Begin MonoManager ReloadAssembly
Native extension for WindowsStandalone target not found
Refreshing native plugins compatible for Editor in 0.24 ms, found 0 plugins.
Preloading 0 native plugins for Editor in 0.00 ms.
Invoked RoslynAnalysisRunner static constructor.
RoslynAnalysisRunner will not be running.
RoslynAnalysisRunner has terminated.
Mono: successfully reloaded assembly
- Completed reload, in  0.818 seconds
Platform modules already initialized, skipping
Refreshing native plugins compatible for Editor in 0.25 ms, found 0 plugins.
Preloading 0 native plugins for Editor in 0.00 ms.
Unloading 1127 Unused Serialized files (Serialized files now loaded: 0)
System memory in use before: 140.0 MB.
System memory in use after: 140.1 MB.

Unloading 4 unused Assets to reduce memory usage. Loaded Objects now: 1685.
Total: 1.802100 ms (FindLiveObjects: 0.286900 ms CreateObjectMapping: 0.151800 ms MarkObjects: 1.349100 ms  DeleteObjects: 0.013500 ms)

========================================================================
Received Prepare
Refreshing native plugins compatible for Editor in 0.71 ms, found 0 plugins.
Preloading 0 native plugins for Editor in 0.00 ms.
Unloading 2 Unused Serialized files (Serialized files now loaded: 0)
System memory in use before: 117.3 MB.
System memory in use after: 117.4 MB.

Unloading 2 unused Assets to reduce memory usage. Loaded Objects now: 1685.
Total: 4.562100 ms (FindLiveObjects: 0.311400 ms CreateObjectMapping: 0.101600 ms MarkObjects: 4.124300 ms  DeleteObjects: 0.022600 ms)

========================================================================
Received Prepare
Refreshing native plugins compatible for Editor in 0.65 ms, found 0 plugins.
Preloading 0 native plugins for Editor in 0.00 ms.
Unloading 2 Unused Serialized files (Serialized files now loaded: 0)
System memory in use before: 117.3 MB.
System memory in use after: 117.4 MB.

Unloading 2 unused Assets to reduce memory usage. Loaded Objects now: 1685.
Total: 3.546900 ms (FindLiveObjects: 0.301100 ms CreateObjectMapping: 0.133000 ms MarkObjects: 3.088700 ms  DeleteObjects: 0.021900 ms)

AssetImportWorkerClient::OnTransportError - code=2 error=End of file
